[4.393s] DEBUG:colcon:Command line arguments: ['/usr/bin/colcon', 'build']
[4.394s] DEBUG:colcon:Parsed command line arguments: Namespace(log_base=None, log_level=None, verb_name='build', build_base='build', install_base='install', merge_install=False, symlink_install=False, test_result_base=None, continue_on_error=False, executor='parallel', parallel_workers=4, event_handlers=None, ignore_user_meta=False, metas=['./colcon.meta'], base_paths=['.'], packages_ignore=None, packages_ignore_regex=None, paths=None, packages_up_to=None, packages_up_to_regex=None, packages_above=None, packages_above_and_dependencies=None, packages_above_depth=None, packages_select_by_dep=None, packages_skip_by_dep=None, packages_skip_up_to=None, packages_select_build_failed=False, packages_skip_build_finished=False, packages_select_test_failures=False, packages_skip_test_passed=False, packages_select=None, packages_skip=None, packages_select_regex=None, packages_skip_regex=None, packages_start=None, packages_end=None, allow_overriding=[], cmake_args=None, cmake_target=None, cmake_target_skip_unavailable=False, cmake_clean_cache=False, cmake_clean_first=False, cmake_force_configure=False, ament_cmake_args=None, catkin_cmake_args=None, catkin_skip_building_tests=False, verb_parser=<colcon_defaults.argument_parser.defaults.DefaultArgumentsDecorator object at 0xffffb6d5d7e0>, verb_extension=<colcon_core.verb.build.BuildVerb object at 0xffffb7045690>, main=<bound method BuildVerb.main of <colcon_core.verb.build.BuildVerb object at 0xffffb7045690>>)
[4.594s] Level 1:colcon.colcon_core.package_discovery:discover_packages(colcon_meta) check parameters
[4.594s] Level 1:colcon.colcon_core.package_discovery:discover_packages(recursive) check parameters
[4.594s] Level 1:colcon.colcon_core.package_discovery:discover_packages(ignore) check parameters
[4.595s] Level 1:colcon.colcon_core.package_discovery:discover_packages(path) check parameters
[4.595s] Level 1:colcon.colcon_core.package_discovery:discover_packages(colcon_meta) discover
[4.595s] Level 1:colcon.colcon_core.package_discovery:discover_packages(recursive) discover
[4.595s] INFO:colcon.colcon_core.package_discovery:Crawling recursively for packages in '/home/dsta-intern-fleet/py_lift_adapter'
[4.596s] Level 1:colcon.colcon_core.package_identification:_identify(.) by extensions ['ignore', 'ignore_ament_install']
[4.596s] Level 1:colcon.colcon_core.package_identification:_identify(.) by extension 'ignore'
[4.596s] Level 1:colcon.colcon_core.package_identification:_identify(.) by extension 'ignore_ament_install'
[4.596s] Level 1:colcon.colcon_core.package_identification:_identify(.) by extensions ['colcon_pkg']
[4.596s] Level 1:colcon.colcon_core.package_identification:_identify(.) by extension 'colcon_pkg'
[4.597s] Level 1:colcon.colcon_core.package_identification:_identify(.) by extensions ['colcon_meta']
[4.597s] Level 1:colcon.colcon_core.package_identification:_identify(.) by extension 'colcon_meta'
[4.597s] Level 1:colcon.colcon_core.package_identification:_identify(.) by extensions ['ros']
[4.597s] Level 1:colcon.colcon_core.package_identification:_identify(.) by extension 'ros'
[4.645s] Level 1:colcon.colcon_core.package_identification:_identify(.) by extensions ['cmake', 'python']
[4.646s] Level 1:colcon.colcon_core.package_identification:_identify(.) by extension 'cmake'
[4.646s] Level 1:colcon.colcon_core.package_identification:_identify(.) by extension 'python'
[4.646s] Level 1:colcon.colcon_core.package_identification:_identify(.) by extensions ['python_setup_py']
[4.646s] Level 1:colcon.colcon_core.package_identification:_identify(.) by extension 'python_setup_py'
[4.647s] Level 1:colcon.colcon_core.package_identification:_identify(build) by extensions ['ignore', 'ignore_ament_install']
[4.647s] Level 1:colcon.colcon_core.package_identification:_identify(build) by extension 'ignore'
[4.647s] Level 1:colcon.colcon_core.package_identification:_identify(build) ignored
[4.648s] Level 1:colcon.colcon_core.package_identification:_identify(install) by extensions ['ignore', 'ignore_ament_install']
[4.648s] Level 1:colcon.colcon_core.package_identification:_identify(install) by extension 'ignore'
[4.648s] Level 1:colcon.colcon_core.package_identification:_identify(install) ignored
[4.649s] Level 1:colcon.colcon_core.package_identification:_identify(log) by extensions ['ignore', 'ignore_ament_install']
[4.649s] Level 1:colcon.colcon_core.package_identification:_identify(log) by extension 'ignore'
[4.649s] Level 1:colcon.colcon_core.package_identification:_identify(log) ignored
[4.650s] Level 1:colcon.colcon_core.package_identification:_identify(src) by extensions ['ignore', 'ignore_ament_install']
[4.650s] Level 1:colcon.colcon_core.package_identification:_identify(src) by extension 'ignore'
[4.650s] Level 1:colcon.colcon_core.package_identification:_identify(src) by extension 'ignore_ament_install'
[4.651s] Level 1:colcon.colcon_core.package_identification:_identify(src) by extensions ['colcon_pkg']
[4.651s] Level 1:colcon.colcon_core.package_identification:_identify(src) by extension 'colcon_pkg'
[4.651s] Level 1:colcon.colcon_core.package_identification:_identify(src) by extensions ['colcon_meta']
[4.651s] Level 1:colcon.colcon_core.package_identification:_identify(src) by extension 'colcon_meta'
[4.651s] Level 1:colcon.colcon_core.package_identification:_identify(src) by extensions ['ros']
[4.651s] Level 1:colcon.colcon_core.package_identification:_identify(src) by extension 'ros'
[4.652s] Level 1:colcon.colcon_core.package_identification:_identify(src) by extensions ['cmake', 'python']
[4.652s] Level 1:colcon.colcon_core.package_identification:_identify(src) by extension 'cmake'
[4.652s] Level 1:colcon.colcon_core.package_identification:_identify(src) by extension 'python'
[4.652s] Level 1:colcon.colcon_core.package_identification:_identify(src) by extensions ['python_setup_py']
[4.652s] Level 1:colcon.colcon_core.package_identification:_identify(src) by extension 'python_setup_py'
[4.653s] Level 1:colcon.colcon_core.package_identification:_identify(src/ros2_lift_adapter) by extensions ['ignore', 'ignore_ament_install']
[4.653s] Level 1:colcon.colcon_core.package_identification:_identify(src/ros2_lift_adapter) by extension 'ignore'
[4.653s] Level 1:colcon.colcon_core.package_identification:_identify(src/ros2_lift_adapter) by extension 'ignore_ament_install'
[4.653s] Level 1:colcon.colcon_core.package_identification:_identify(src/ros2_lift_adapter) by extensions ['colcon_pkg']
[4.654s] Level 1:colcon.colcon_core.package_identification:_identify(src/ros2_lift_adapter) by extension 'colcon_pkg'
[4.654s] Level 1:colcon.colcon_core.package_identification:_identify(src/ros2_lift_adapter) by extensions ['colcon_meta']
[4.654s] Level 1:colcon.colcon_core.package_identification:_identify(src/ros2_lift_adapter) by extension 'colcon_meta'
[4.654s] Level 1:colcon.colcon_core.package_identification:_identify(src/ros2_lift_adapter) by extensions ['ros']
[4.654s] Level 1:colcon.colcon_core.package_identification:_identify(src/ros2_lift_adapter) by extension 'ros'
[4.663s] DEBUG:colcon.colcon_core.package_identification:Package 'src/ros2_lift_adapter' with type 'ros.ament_python' and name 'ros2_lift_adapter'
[4.663s] Level 1:colcon.colcon_core.package_discovery:discover_packages(recursive) using defaults
[4.664s] Level 1:colcon.colcon_core.package_discovery:discover_packages(ignore) discover
[4.664s] Level 1:colcon.colcon_core.package_discovery:discover_packages(ignore) using defaults
[4.664s] Level 1:colcon.colcon_core.package_discovery:discover_packages(path) discover
[4.664s] Level 1:colcon.colcon_core.package_discovery:discover_packages(path) using defaults
[5.058s] Level 1:colcon.colcon_core.package_discovery:discover_packages(prefix_path) check parameters
[5.058s] Level 1:colcon.colcon_core.package_discovery:discover_packages(prefix_path) discover
[5.188s] DEBUG:colcon.colcon_installed_package_information.package_discovery:Found 1 installed packages in /home/dsta-intern-fleet/py_lift_adapter/install
[5.256s] DEBUG:colcon.colcon_installed_package_information.package_discovery:Found 270 installed packages in /opt/ros/humble
[5.263s] Level 1:colcon.colcon_core.package_discovery:discover_packages(prefix_path) using defaults
[5.652s] Level 5:colcon.colcon_core.verb:set package 'ros2_lift_adapter' build argument 'cmake_args' from command line to 'None'
[5.652s] Level 5:colcon.colcon_core.verb:set package 'ros2_lift_adapter' build argument 'cmake_target' from command line to 'None'
[5.652s] Level 5:colcon.colcon_core.verb:set package 'ros2_lift_adapter' build argument 'cmake_target_skip_unavailable' from command line to 'False'
[5.652s] Level 5:colcon.colcon_core.verb:set package 'ros2_lift_adapter' build argument 'cmake_clean_cache' from command line to 'False'
[5.652s] Level 5:colcon.colcon_core.verb:set package 'ros2_lift_adapter' build argument 'cmake_clean_first' from command line to 'False'
[5.653s] Level 5:colcon.colcon_core.verb:set package 'ros2_lift_adapter' build argument 'cmake_force_configure' from command line to 'False'
[5.653s] Level 5:colcon.colcon_core.verb:set package 'ros2_lift_adapter' build argument 'ament_cmake_args' from command line to 'None'
[5.653s] Level 5:colcon.colcon_core.verb:set package 'ros2_lift_adapter' build argument 'catkin_cmake_args' from command line to 'None'
[5.653s] Level 5:colcon.colcon_core.verb:set package 'ros2_lift_adapter' build argument 'catkin_skip_building_tests' from command line to 'False'
[5.653s] DEBUG:colcon.colcon_core.verb:Building package 'ros2_lift_adapter' with the following arguments: {'ament_cmake_args': None, 'build_base': '/home/dsta-intern-fleet/py_lift_adapter/build/ros2_lift_adapter', 'catkin_cmake_args': None, 'catkin_skip_building_tests': False, 'cmake_args': None, 'cmake_clean_cache': False, 'cmake_clean_first': False, 'cmake_force_configure': False, 'cmake_target': None, 'cmake_target_skip_unavailable': False, 'install_base': '/home/dsta-intern-fleet/py_lift_adapter/install/ros2_lift_adapter', 'merge_install': False, 'path': '/home/dsta-intern-fleet/py_lift_adapter/src/ros2_lift_adapter', 'symlink_install': False, 'test_result_base': None}
[5.715s] INFO:colcon.colcon_core.executor:Executing jobs using 'parallel' executor
[5.778s] DEBUG:colcon.colcon_parallel_executor.executor.parallel:run_until_complete
[5.779s] INFO:colcon.colcon_ros.task.ament_python.build:Building ROS package in '/home/dsta-intern-fleet/py_lift_adapter/src/ros2_lift_adapter' with build type 'ament_python'
[5.780s] Level 1:colcon.colcon_core.shell:create_environment_hook('ros2_lift_adapter', 'ament_prefix_path')
[5.871s] INFO:colcon.colcon_core.plugin_system:Skipping extension 'colcon_core.shell.bat': Not used on non-Windows systems
[5.872s] INFO:colcon.colcon_core.shell:Creating environment hook '/home/dsta-intern-fleet/py_lift_adapter/install/ros2_lift_adapter/share/ros2_lift_adapter/hook/ament_prefix_path.ps1'
[5.959s] INFO:colcon.colcon_core.shell:Creating environment descriptor '/home/dsta-intern-fleet/py_lift_adapter/install/ros2_lift_adapter/share/ros2_lift_adapter/hook/ament_prefix_path.dsv'
[5.964s] INFO:colcon.colcon_core.shell:Creating environment hook '/home/dsta-intern-fleet/py_lift_adapter/install/ros2_lift_adapter/share/ros2_lift_adapter/hook/ament_prefix_path.sh'
[6.053s] INFO:colcon.colcon_core.shell:Skip shell extension 'powershell' for command environment: Not usable outside of PowerShell
[6.054s] DEBUG:colcon.colcon_core.shell:Skip shell extension 'dsv' for command environment
[7.746s] INFO:colcon.colcon_core.task.python.build:Building Python package in '/home/dsta-intern-fleet/py_lift_adapter/src/ros2_lift_adapter'
[7.820s] INFO:colcon.colcon_core.shell:Skip shell extension 'powershell' for command environment: Not usable outside of PowerShell
[7.820s] DEBUG:colcon.colcon_core.shell:Skip shell extension 'dsv' for command environment
[9.892s] DEBUG:colcon.colcon_core.event_handler.log_command:Invoking command in '/home/dsta-intern-fleet/py_lift_adapter/src/ros2_lift_adapter': PYTHONPATH=/home/dsta-intern-fleet/py_lift_adapter/build/ros2_lift_adapter/prefix_override:/home/dsta-intern-fleet/py_lift_adapter/install/ros2_lift_adapter/lib/python3.10/site-packages:${PYTHONPATH} /usr/bin/python3 setup.py egg_info --egg-base ../../build/ros2_lift_adapter build --build-base /home/dsta-intern-fleet/py_lift_adapter/build/ros2_lift_adapter/build install --record /home/dsta-intern-fleet/py_lift_adapter/build/ros2_lift_adapter/install.log --single-version-externally-managed
[11.564s] DEBUG:colcon.colcon_core.event_handler.log_command:Invoked command in '/home/dsta-intern-fleet/py_lift_adapter/src/ros2_lift_adapter' returned '0': PYTHONPATH=/home/dsta-intern-fleet/py_lift_adapter/build/ros2_lift_adapter/prefix_override:/home/dsta-intern-fleet/py_lift_adapter/install/ros2_lift_adapter/lib/python3.10/site-packages:${PYTHONPATH} /usr/bin/python3 setup.py egg_info --egg-base ../../build/ros2_lift_adapter build --build-base /home/dsta-intern-fleet/py_lift_adapter/build/ros2_lift_adapter/build install --record /home/dsta-intern-fleet/py_lift_adapter/build/ros2_lift_adapter/install.log --single-version-externally-managed
[11.654s] Level 1:colcon.colcon_core.environment:checking '/home/dsta-intern-fleet/py_lift_adapter/install/ros2_lift_adapter' for CMake module files
[11.657s] Level 1:colcon.colcon_core.environment:checking '/home/dsta-intern-fleet/py_lift_adapter/install/ros2_lift_adapter' for CMake config files
[11.662s] Level 1:colcon.colcon_core.environment:checking '/home/dsta-intern-fleet/py_lift_adapter/install/ros2_lift_adapter/lib'
[11.663s] Level 1:colcon.colcon_core.environment:checking '/home/dsta-intern-fleet/py_lift_adapter/install/ros2_lift_adapter/bin'
[11.663s] Level 1:colcon.colcon_core.environment:checking '/home/dsta-intern-fleet/py_lift_adapter/install/ros2_lift_adapter/lib/pkgconfig/ros2_lift_adapter.pc'
[11.664s] Level 1:colcon.colcon_core.environment:checking '/home/dsta-intern-fleet/py_lift_adapter/install/ros2_lift_adapter/lib/python3.10/site-packages'
[11.665s] Level 1:colcon.colcon_core.shell:create_environment_hook('ros2_lift_adapter', 'pythonpath')
[11.741s] INFO:colcon.colcon_core.shell:Creating environment hook '/home/dsta-intern-fleet/py_lift_adapter/install/ros2_lift_adapter/share/ros2_lift_adapter/hook/pythonpath.ps1'
[11.744s] INFO:colcon.colcon_core.shell:Creating environment descriptor '/home/dsta-intern-fleet/py_lift_adapter/install/ros2_lift_adapter/share/ros2_lift_adapter/hook/pythonpath.dsv'
[11.746s] INFO:colcon.colcon_core.shell:Creating environment hook '/home/dsta-intern-fleet/py_lift_adapter/install/ros2_lift_adapter/share/ros2_lift_adapter/hook/pythonpath.sh'
[11.749s] Level 1:colcon.colcon_core.environment:checking '/home/dsta-intern-fleet/py_lift_adapter/install/ros2_lift_adapter/bin'
[11.750s] Level 1:colcon.colcon_core.environment:create_environment_scripts_only(ros2_lift_adapter)
[11.833s] INFO:colcon.colcon_core.shell:Creating package script '/home/dsta-intern-fleet/py_lift_adapter/install/ros2_lift_adapter/share/ros2_lift_adapter/package.ps1'
[11.837s] INFO:colcon.colcon_core.shell:Creating package descriptor '/home/dsta-intern-fleet/py_lift_adapter/install/ros2_lift_adapter/share/ros2_lift_adapter/package.dsv'
[11.839s] INFO:colcon.colcon_core.shell:Creating package script '/home/dsta-intern-fleet/py_lift_adapter/install/ros2_lift_adapter/share/ros2_lift_adapter/package.sh'
[11.842s] INFO:colcon.colcon_core.shell:Creating package script '/home/dsta-intern-fleet/py_lift_adapter/install/ros2_lift_adapter/share/ros2_lift_adapter/package.bash'
[11.846s] INFO:colcon.colcon_core.shell:Creating package script '/home/dsta-intern-fleet/py_lift_adapter/install/ros2_lift_adapter/share/ros2_lift_adapter/package.zsh'
[11.850s] Level 1:colcon.colcon_core.environment:create_file_with_runtime_dependencies(/home/dsta-intern-fleet/py_lift_adapter/install/ros2_lift_adapter/share/colcon-core/packages/ros2_lift_adapter)
[11.851s] DEBUG:colcon.colcon_parallel_executor.executor.parallel:closing loop
[11.852s] DEBUG:colcon.colcon_parallel_executor.executor.parallel:loop closed
[11.853s] DEBUG:colcon.colcon_parallel_executor.executor.parallel:run_until_complete finished with '0'
[11.854s] DEBUG:colcon.colcon_core.event_reactor:joining thread
[11.972s] INFO:colcon.colcon_core.plugin_system:Skipping extension 'colcon_notification.desktop_notification.terminal_notifier': Not used on non-Darwin systems
[11.972s] INFO:colcon.colcon_core.plugin_system:Skipping extension 'colcon_notification.desktop_notification.win32': Not used on non-Windows systems
[11.972s] INFO:colcon.colcon_notification.desktop_notification:Sending desktop notification using 'notify2'
[12.030s] DEBUG:colcon.colcon_core.event_reactor:joined thread
[12.118s] INFO:colcon.colcon_core.shell:Creating prefix script '/home/dsta-intern-fleet/py_lift_adapter/install/local_setup.ps1'
[12.123s] INFO:colcon.colcon_core.shell:Creating prefix util module '/home/dsta-intern-fleet/py_lift_adapter/install/_local_setup_util_ps1.py'
[12.130s] INFO:colcon.colcon_core.shell:Creating prefix chain script '/home/dsta-intern-fleet/py_lift_adapter/install/setup.ps1'
[12.249s] INFO:colcon.colcon_core.shell:Creating prefix script '/home/dsta-intern-fleet/py_lift_adapter/install/local_setup.sh'
[12.251s] INFO:colcon.colcon_core.shell:Creating prefix util module '/home/dsta-intern-fleet/py_lift_adapter/install/_local_setup_util_sh.py'
[12.253s] INFO:colcon.colcon_core.shell:Creating prefix chain script '/home/dsta-intern-fleet/py_lift_adapter/install/setup.sh'
[12.319s] INFO:colcon.colcon_core.shell:Creating prefix script '/home/dsta-intern-fleet/py_lift_adapter/install/local_setup.bash'
[12.321s] INFO:colcon.colcon_core.shell:Creating prefix chain script '/home/dsta-intern-fleet/py_lift_adapter/install/setup.bash'
[12.388s] INFO:colcon.colcon_core.shell:Creating prefix script '/home/dsta-intern-fleet/py_lift_adapter/install/local_setup.zsh'
[12.390s] INFO:colcon.colcon_core.shell:Creating prefix chain script '/home/dsta-intern-fleet/py_lift_adapter/install/setup.zsh'
