[2.691s] DEBUG:colcon:Command line arguments: ['/usr/bin/colcon', 'build']
[2.691s] DEBUG:colcon:Parsed command line arguments: Namespace(log_base=None, log_level=None, verb_name='build', build_base='build', install_base='install', merge_install=False, symlink_install=False, test_result_base=None, continue_on_error=False, executor='parallel', parallel_workers=4, event_handlers=None, ignore_user_meta=False, metas=['./colcon.meta'], base_paths=['.'], packages_ignore=None, packages_ignore_regex=None, paths=None, packages_up_to=None, packages_up_to_regex=None, packages_above=None, packages_above_and_dependencies=None, packages_above_depth=None, packages_select_by_dep=None, packages_skip_by_dep=None, packages_skip_up_to=None, packages_select_build_failed=False, packages_skip_build_finished=False, packages_select_test_failures=False, packages_skip_test_passed=False, packages_select=None, packages_skip=None, packages_select_regex=None, packages_skip_regex=None, packages_start=None, packages_end=None, allow_overriding=[], cmake_args=None, cmake_target=None, cmake_target_skip_unavailable=False, cmake_clean_cache=False, cmake_clean_first=False, cmake_force_configure=False, ament_cmake_args=None, catkin_cmake_args=None, catkin_skip_building_tests=False, verb_parser=<colcon_defaults.argument_parser.defaults.DefaultArgumentsDecorator object at 0xffff831f7100>, verb_extension=<colcon_core.verb.build.BuildVerb object at 0xffff83506c80>, main=<bound method BuildVerb.main of <colcon_core.verb.build.BuildVerb object at 0xffff83506c80>>)
[2.837s] Level 1:colcon.colcon_core.package_discovery:discover_packages(colcon_meta) check parameters
[2.837s] Level 1:colcon.colcon_core.package_discovery:discover_packages(recursive) check parameters
[2.837s] Level 1:colcon.colcon_core.package_discovery:discover_packages(ignore) check parameters
[2.837s] Level 1:colcon.colcon_core.package_discovery:discover_packages(path) check parameters
[2.838s] Level 1:colcon.colcon_core.package_discovery:discover_packages(colcon_meta) discover
[2.838s] Level 1:colcon.colcon_core.package_discovery:discover_packages(recursive) discover
[2.838s] INFO:colcon.colcon_core.package_discovery:Crawling recursively for packages in '/home/dsta-intern-fleet/py_lift_adapter'
[2.838s] Level 1:colcon.colcon_core.package_identification:_identify(.) by extensions ['ignore', 'ignore_ament_install']
[2.839s] Level 1:colcon.colcon_core.package_identification:_identify(.) by extension 'ignore'
[2.839s] Level 1:colcon.colcon_core.package_identification:_identify(.) by extension 'ignore_ament_install'
[2.839s] Level 1:colcon.colcon_core.package_identification:_identify(.) by extensions ['colcon_pkg']
[2.839s] Level 1:colcon.colcon_core.package_identification:_identify(.) by extension 'colcon_pkg'
[2.840s] Level 1:colcon.colcon_core.package_identification:_identify(.) by extensions ['colcon_meta']
[2.840s] Level 1:colcon.colcon_core.package_identification:_identify(.) by extension 'colcon_meta'
[2.840s] Level 1:colcon.colcon_core.package_identification:_identify(.) by extensions ['ros']
[2.840s] Level 1:colcon.colcon_core.package_identification:_identify(.) by extension 'ros'
[2.885s] Level 1:colcon.colcon_core.package_identification:_identify(.) by extensions ['cmake', 'python']
[2.885s] Level 1:colcon.colcon_core.package_identification:_identify(.) by extension 'cmake'
[2.885s] Level 1:colcon.colcon_core.package_identification:_identify(.) by extension 'python'
[2.886s] Level 1:colcon.colcon_core.package_identification:_identify(.) by extensions ['python_setup_py']
[2.886s] Level 1:colcon.colcon_core.package_identification:_identify(.) by extension 'python_setup_py'
[2.886s] Level 1:colcon.colcon_core.package_identification:_identify(build) by extensions ['ignore', 'ignore_ament_install']
[2.887s] Level 1:colcon.colcon_core.package_identification:_identify(build) by extension 'ignore'
[2.887s] Level 1:colcon.colcon_core.package_identification:_identify(build) ignored
[2.888s] Level 1:colcon.colcon_core.package_identification:_identify(install) by extensions ['ignore', 'ignore_ament_install']
[2.888s] Level 1:colcon.colcon_core.package_identification:_identify(install) by extension 'ignore'
[2.888s] Level 1:colcon.colcon_core.package_identification:_identify(install) ignored
[2.888s] Level 1:colcon.colcon_core.package_identification:_identify(log) by extensions ['ignore', 'ignore_ament_install']
[2.889s] Level 1:colcon.colcon_core.package_identification:_identify(log) by extension 'ignore'
[2.889s] Level 1:colcon.colcon_core.package_identification:_identify(log) ignored
[2.889s] Level 1:colcon.colcon_core.package_identification:_identify(src) by extensions ['ignore', 'ignore_ament_install']
[2.890s] Level 1:colcon.colcon_core.package_identification:_identify(src) by extension 'ignore'
[2.890s] Level 1:colcon.colcon_core.package_identification:_identify(src) by extension 'ignore_ament_install'
[2.890s] Level 1:colcon.colcon_core.package_identification:_identify(src) by extensions ['colcon_pkg']
[2.890s] Level 1:colcon.colcon_core.package_identification:_identify(src) by extension 'colcon_pkg'
[2.890s] Level 1:colcon.colcon_core.package_identification:_identify(src) by extensions ['colcon_meta']
[2.890s] Level 1:colcon.colcon_core.package_identification:_identify(src) by extension 'colcon_meta'
[2.891s] Level 1:colcon.colcon_core.package_identification:_identify(src) by extensions ['ros']
[2.891s] Level 1:colcon.colcon_core.package_identification:_identify(src) by extension 'ros'
[2.891s] Level 1:colcon.colcon_core.package_identification:_identify(src) by extensions ['cmake', 'python']
[2.891s] Level 1:colcon.colcon_core.package_identification:_identify(src) by extension 'cmake'
[2.891s] Level 1:colcon.colcon_core.package_identification:_identify(src) by extension 'python'
[2.891s] Level 1:colcon.colcon_core.package_identification:_identify(src) by extensions ['python_setup_py']
[2.892s] Level 1:colcon.colcon_core.package_identification:_identify(src) by extension 'python_setup_py'
[2.892s] Level 1:colcon.colcon_core.package_identification:_identify(src/ros2_lift_adapter) by extensions ['ignore', 'ignore_ament_install']
[2.892s] Level 1:colcon.colcon_core.package_identification:_identify(src/ros2_lift_adapter) by extension 'ignore'
[2.893s] Level 1:colcon.colcon_core.package_identification:_identify(src/ros2_lift_adapter) by extension 'ignore_ament_install'
[2.893s] Level 1:colcon.colcon_core.package_identification:_identify(src/ros2_lift_adapter) by extensions ['colcon_pkg']
[2.893s] Level 1:colcon.colcon_core.package_identification:_identify(src/ros2_lift_adapter) by extension 'colcon_pkg'
[2.893s] Level 1:colcon.colcon_core.package_identification:_identify(src/ros2_lift_adapter) by extensions ['colcon_meta']
[2.893s] Level 1:colcon.colcon_core.package_identification:_identify(src/ros2_lift_adapter) by extension 'colcon_meta'
[2.893s] Level 1:colcon.colcon_core.package_identification:_identify(src/ros2_lift_adapter) by extensions ['ros']
[2.894s] Level 1:colcon.colcon_core.package_identification:_identify(src/ros2_lift_adapter) by extension 'ros'
[2.903s] DEBUG:colcon.colcon_core.package_identification:Package 'src/ros2_lift_adapter' with type 'ros.ament_python' and name 'ros2_lift_adapter'
[2.903s] Level 1:colcon.colcon_core.package_discovery:discover_packages(recursive) using defaults
[2.903s] Level 1:colcon.colcon_core.package_discovery:discover_packages(ignore) discover
[2.903s] Level 1:colcon.colcon_core.package_discovery:discover_packages(ignore) using defaults
[2.903s] Level 1:colcon.colcon_core.package_discovery:discover_packages(path) discover
[2.903s] Level 1:colcon.colcon_core.package_discovery:discover_packages(path) using defaults
[3.155s] Level 1:colcon.colcon_core.package_discovery:discover_packages(prefix_path) check parameters
[3.155s] Level 1:colcon.colcon_core.package_discovery:discover_packages(prefix_path) discover
[3.191s] Level 1:colcon.colcon_core.package_discovery:discover_packages(prefix_path) using defaults
[3.263s] Level 5:colcon.colcon_core.verb:set package 'ros2_lift_adapter' build argument 'cmake_args' from command line to 'None'
[3.263s] Level 5:colcon.colcon_core.verb:set package 'ros2_lift_adapter' build argument 'cmake_target' from command line to 'None'
[3.269s] Level 5:colcon.colcon_core.verb:set package 'ros2_lift_adapter' build argument 'cmake_target_skip_unavailable' from command line to 'False'
[3.269s] Level 5:colcon.colcon_core.verb:set package 'ros2_lift_adapter' build argument 'cmake_clean_cache' from command line to 'False'
[3.269s] Level 5:colcon.colcon_core.verb:set package 'ros2_lift_adapter' build argument 'cmake_clean_first' from command line to 'False'
[3.269s] Level 5:colcon.colcon_core.verb:set package 'ros2_lift_adapter' build argument 'cmake_force_configure' from command line to 'False'
[3.269s] Level 5:colcon.colcon_core.verb:set package 'ros2_lift_adapter' build argument 'ament_cmake_args' from command line to 'None'
[3.270s] Level 5:colcon.colcon_core.verb:set package 'ros2_lift_adapter' build argument 'catkin_cmake_args' from command line to 'None'
[3.270s] Level 5:colcon.colcon_core.verb:set package 'ros2_lift_adapter' build argument 'catkin_skip_building_tests' from command line to 'False'
[3.270s] DEBUG:colcon.colcon_core.verb:Building package 'ros2_lift_adapter' with the following arguments: {'ament_cmake_args': None, 'build_base': '/home/dsta-intern-fleet/py_lift_adapter/build/ros2_lift_adapter', 'catkin_cmake_args': None, 'catkin_skip_building_tests': False, 'cmake_args': None, 'cmake_clean_cache': False, 'cmake_clean_first': False, 'cmake_force_configure': False, 'cmake_target': None, 'cmake_target_skip_unavailable': False, 'install_base': '/home/dsta-intern-fleet/py_lift_adapter/install/ros2_lift_adapter', 'merge_install': False, 'path': '/home/dsta-intern-fleet/py_lift_adapter/src/ros2_lift_adapter', 'symlink_install': False, 'test_result_base': None}
[3.307s] INFO:colcon.colcon_core.executor:Executing jobs using 'parallel' executor
[3.342s] DEBUG:colcon.colcon_parallel_executor.executor.parallel:run_until_complete
[3.343s] INFO:colcon.colcon_ros.task.ament_python.build:Building ROS package in '/home/dsta-intern-fleet/py_lift_adapter/src/ros2_lift_adapter' with build type 'ament_python'
[3.344s] Level 1:colcon.colcon_core.shell:create_environment_hook('ros2_lift_adapter', 'ament_prefix_path')
[3.398s] INFO:colcon.colcon_core.plugin_system:Skipping extension 'colcon_core.shell.bat': Not used on non-Windows systems
[3.399s] INFO:colcon.colcon_core.shell:Creating environment hook '/home/dsta-intern-fleet/py_lift_adapter/install/ros2_lift_adapter/share/ros2_lift_adapter/hook/ament_prefix_path.ps1'
[3.403s] INFO:colcon.colcon_core.shell:Creating environment descriptor '/home/dsta-intern-fleet/py_lift_adapter/install/ros2_lift_adapter/share/ros2_lift_adapter/hook/ament_prefix_path.dsv'
[3.410s] INFO:colcon.colcon_core.shell:Creating environment hook '/home/dsta-intern-fleet/py_lift_adapter/install/ros2_lift_adapter/share/ros2_lift_adapter/hook/ament_prefix_path.sh'
[3.453s] INFO:colcon.colcon_core.shell:Skip shell extension 'powershell' for command environment: Not usable outside of PowerShell
[3.454s] DEBUG:colcon.colcon_core.shell:Skip shell extension 'dsv' for command environment
[4.660s] INFO:colcon.colcon_core.task.python.build:Building Python package in '/home/dsta-intern-fleet/py_lift_adapter/src/ros2_lift_adapter'
[4.698s] INFO:colcon.colcon_core.shell:Skip shell extension 'powershell' for command environment: Not usable outside of PowerShell
[4.698s] DEBUG:colcon.colcon_core.shell:Skip shell extension 'dsv' for command environment
[6.269s] DEBUG:colcon.colcon_core.event_handler.log_command:Invoking command in '/home/dsta-intern-fleet/py_lift_adapter/src/ros2_lift_adapter': PYTHONPATH=/home/dsta-intern-fleet/py_lift_adapter/build/ros2_lift_adapter/prefix_override:/home/dsta-intern-fleet/py_lift_adapter/install/ros2_lift_adapter/lib/python3.10/site-packages: /usr/bin/python3 setup.py egg_info --egg-base ../../build/ros2_lift_adapter build --build-base /home/dsta-intern-fleet/py_lift_adapter/build/ros2_lift_adapter/build install --record /home/dsta-intern-fleet/py_lift_adapter/build/ros2_lift_adapter/install.log --single-version-externally-managed
[7.627s] DEBUG:colcon.colcon_core.event_handler.log_command:Invoked command in '/home/dsta-intern-fleet/py_lift_adapter/src/ros2_lift_adapter' returned '0': PYTHONPATH=/home/dsta-intern-fleet/py_lift_adapter/build/ros2_lift_adapter/prefix_override:/home/dsta-intern-fleet/py_lift_adapter/install/ros2_lift_adapter/lib/python3.10/site-packages: /usr/bin/python3 setup.py egg_info --egg-base ../../build/ros2_lift_adapter build --build-base /home/dsta-intern-fleet/py_lift_adapter/build/ros2_lift_adapter/build install --record /home/dsta-intern-fleet/py_lift_adapter/build/ros2_lift_adapter/install.log --single-version-externally-managed
[7.684s] Level 1:colcon.colcon_core.environment:checking '/home/dsta-intern-fleet/py_lift_adapter/install/ros2_lift_adapter' for CMake module files
[7.687s] Level 1:colcon.colcon_core.environment:checking '/home/dsta-intern-fleet/py_lift_adapter/install/ros2_lift_adapter' for CMake config files
[7.691s] Level 1:colcon.colcon_core.environment:checking '/home/dsta-intern-fleet/py_lift_adapter/install/ros2_lift_adapter/lib'
[7.692s] Level 1:colcon.colcon_core.environment:checking '/home/dsta-intern-fleet/py_lift_adapter/install/ros2_lift_adapter/bin'
[7.692s] Level 1:colcon.colcon_core.environment:checking '/home/dsta-intern-fleet/py_lift_adapter/install/ros2_lift_adapter/lib/pkgconfig/ros2_lift_adapter.pc'
[7.693s] Level 1:colcon.colcon_core.environment:checking '/home/dsta-intern-fleet/py_lift_adapter/install/ros2_lift_adapter/lib/python3.10/site-packages'
[7.694s] Level 1:colcon.colcon_core.shell:create_environment_hook('ros2_lift_adapter', 'pythonpath')
[7.730s] INFO:colcon.colcon_core.shell:Creating environment hook '/home/dsta-intern-fleet/py_lift_adapter/install/ros2_lift_adapter/share/ros2_lift_adapter/hook/pythonpath.ps1'
[7.733s] INFO:colcon.colcon_core.shell:Creating environment descriptor '/home/dsta-intern-fleet/py_lift_adapter/install/ros2_lift_adapter/share/ros2_lift_adapter/hook/pythonpath.dsv'
[7.735s] INFO:colcon.colcon_core.shell:Creating environment hook '/home/dsta-intern-fleet/py_lift_adapter/install/ros2_lift_adapter/share/ros2_lift_adapter/hook/pythonpath.sh'
[7.738s] Level 1:colcon.colcon_core.environment:checking '/home/dsta-intern-fleet/py_lift_adapter/install/ros2_lift_adapter/bin'
[7.739s] Level 1:colcon.colcon_core.environment:create_environment_scripts_only(ros2_lift_adapter)
[7.785s] INFO:colcon.colcon_core.shell:Creating package script '/home/dsta-intern-fleet/py_lift_adapter/install/ros2_lift_adapter/share/ros2_lift_adapter/package.ps1'
[7.789s] INFO:colcon.colcon_core.shell:Creating package descriptor '/home/dsta-intern-fleet/py_lift_adapter/install/ros2_lift_adapter/share/ros2_lift_adapter/package.dsv'
[7.792s] INFO:colcon.colcon_core.shell:Creating package script '/home/dsta-intern-fleet/py_lift_adapter/install/ros2_lift_adapter/share/ros2_lift_adapter/package.sh'
[7.796s] INFO:colcon.colcon_core.shell:Creating package script '/home/dsta-intern-fleet/py_lift_adapter/install/ros2_lift_adapter/share/ros2_lift_adapter/package.bash'
[7.799s] INFO:colcon.colcon_core.shell:Creating package script '/home/dsta-intern-fleet/py_lift_adapter/install/ros2_lift_adapter/share/ros2_lift_adapter/package.zsh'
[7.802s] Level 1:colcon.colcon_core.environment:create_file_with_runtime_dependencies(/home/dsta-intern-fleet/py_lift_adapter/install/ros2_lift_adapter/share/colcon-core/packages/ros2_lift_adapter)
[7.804s] DEBUG:colcon.colcon_parallel_executor.executor.parallel:closing loop
[7.806s] DEBUG:colcon.colcon_parallel_executor.executor.parallel:loop closed
[7.806s] DEBUG:colcon.colcon_parallel_executor.executor.parallel:run_until_complete finished with '0'
[7.806s] DEBUG:colcon.colcon_core.event_reactor:joining thread
[7.886s] INFO:colcon.colcon_core.plugin_system:Skipping extension 'colcon_notification.desktop_notification.terminal_notifier': Not used on non-Darwin systems
[7.887s] INFO:colcon.colcon_core.plugin_system:Skipping extension 'colcon_notification.desktop_notification.win32': Not used on non-Windows systems
[7.887s] INFO:colcon.colcon_notification.desktop_notification:Sending desktop notification using 'notify2'
[7.946s] DEBUG:colcon.colcon_core.event_reactor:joined thread
[7.998s] INFO:colcon.colcon_core.shell:Creating prefix script '/home/dsta-intern-fleet/py_lift_adapter/install/local_setup.ps1'
[8.004s] INFO:colcon.colcon_core.shell:Creating prefix util module '/home/dsta-intern-fleet/py_lift_adapter/install/_local_setup_util_ps1.py'
[8.011s] INFO:colcon.colcon_core.shell:Creating prefix chain script '/home/dsta-intern-fleet/py_lift_adapter/install/setup.ps1'
[8.059s] INFO:colcon.colcon_core.shell:Creating prefix script '/home/dsta-intern-fleet/py_lift_adapter/install/local_setup.sh'
[8.063s] INFO:colcon.colcon_core.shell:Creating prefix util module '/home/dsta-intern-fleet/py_lift_adapter/install/_local_setup_util_sh.py'
[8.065s] INFO:colcon.colcon_core.shell:Creating prefix chain script '/home/dsta-intern-fleet/py_lift_adapter/install/setup.sh'
[8.106s] INFO:colcon.colcon_core.shell:Creating prefix script '/home/dsta-intern-fleet/py_lift_adapter/install/local_setup.bash'
[8.109s] INFO:colcon.colcon_core.shell:Creating prefix chain script '/home/dsta-intern-fleet/py_lift_adapter/install/setup.bash'
[8.151s] INFO:colcon.colcon_core.shell:Creating prefix script '/home/dsta-intern-fleet/py_lift_adapter/install/local_setup.zsh'
[8.153s] INFO:colcon.colcon_core.shell:Creating prefix chain script '/home/dsta-intern-fleet/py_lift_adapter/install/setup.zsh'
