[2.924s] Invoking command in '/home/dsta-intern-fleet/py_lift_adapter/src/ros2_lift_adapter': PYTHONPATH=/home/dsta-intern-fleet/py_lift_adapter/build/ros2_lift_adapter/prefix_override:/home/dsta-intern-fleet/py_lift_adapter/install/ros2_lift_adapter/lib/python3.10/site-packages: /usr/bin/python3 setup.py egg_info --egg-base ../../build/ros2_lift_adapter build --build-base /home/dsta-intern-fleet/py_lift_adapter/build/ros2_lift_adapter/build install --record /home/dsta-intern-fleet/py_lift_adapter/build/ros2_lift_adapter/install.log --single-version-externally-managed
[3.964s] running egg_info
[3.966s] writing ../../build/ros2_lift_adapter/ros2_lift_adapter.egg-info/PKG-INFO
[3.967s] writing dependency_links to ../../build/ros2_lift_adapter/ros2_lift_adapter.egg-info/dependency_links.txt
[3.968s] writing entry points to ../../build/ros2_lift_adapter/ros2_lift_adapter.egg-info/entry_points.txt
[3.969s] writing requirements to ../../build/ros2_lift_adapter/ros2_lift_adapter.egg-info/requires.txt
[3.970s] writing top-level names to ../../build/ros2_lift_adapter/ros2_lift_adapter.egg-info/top_level.txt
[3.978s] reading manifest file '../../build/ros2_lift_adapter/ros2_lift_adapter.egg-info/SOURCES.txt'
[3.984s] writing manifest file '../../build/ros2_lift_adapter/ros2_lift_adapter.egg-info/SOURCES.txt'
[3.985s] running build
[3.986s] running build_py
[3.990s] running install
[3.992s] running install_lib
[4.001s] running install_data
[4.004s] running install_egg_info
[4.018s] removing '/home/dsta-intern-fleet/py_lift_adapter/install/ros2_lift_adapter/lib/python3.10/site-packages/ros2_lift_adapter-0.0.0-py3.10.egg-info' (and everything under it)
[4.019s] Copying ../../build/ros2_lift_adapter/ros2_lift_adapter.egg-info to /home/dsta-intern-fleet/py_lift_adapter/install/ros2_lift_adapter/lib/python3.10/site-packages/ros2_lift_adapter-0.0.0-py3.10.egg-info
[4.025s] running install_scripts
[4.114s] writing list of installed files to '/home/dsta-intern-fleet/py_lift_adapter/build/ros2_lift_adapter/install.log'
[4.282s] Invoked command in '/home/dsta-intern-fleet/py_lift_adapter/src/ros2_lift_adapter' returned '0': PYTHONPATH=/home/dsta-intern-fleet/py_lift_adapter/build/ros2_lift_adapter/prefix_override:/home/dsta-intern-fleet/py_lift_adapter/install/ros2_lift_adapter/lib/python3.10/site-packages: /usr/bin/python3 setup.py egg_info --egg-base ../../build/ros2_lift_adapter build --build-base /home/dsta-intern-fleet/py_lift_adapter/build/ros2_lift_adapter/build install --record /home/dsta-intern-fleet/py_lift_adapter/build/ros2_lift_adapter/install.log --single-version-externally-managed
