/home/dsta-intern-fleet/py_lift_adapter/install/ros2_lift_adapter/lib/python3.10/site-packages/ros2_lift_adapter/fleet_adapter.py
/home/dsta-intern-fleet/py_lift_adapter/install/ros2_lift_adapter/lib/python3.10/site-packages/ros2_lift_adapter/listener.py
/home/dsta-intern-fleet/py_lift_adapter/install/ros2_lift_adapter/lib/python3.10/site-packages/ros2_lift_adapter/ros2_fleet.py
/home/dsta-intern-fleet/py_lift_adapter/install/ros2_lift_adapter/lib/python3.10/site-packages/ros2_lift_adapter/lift_adapter_sim.py
/home/dsta-intern-fleet/py_lift_adapter/install/ros2_lift_adapter/lib/python3.10/site-packages/ros2_lift_adapter/db.py
/home/dsta-intern-fleet/py_lift_adapter/install/ros2_lift_adapter/lib/python3.10/site-packages/ros2_lift_adapter/lift_request_handler.py
/home/dsta-intern-fleet/py_lift_adapter/install/ros2_lift_adapter/lib/python3.10/site-packages/ros2_lift_adapter/ros2_lift.py
/home/dsta-intern-fleet/py_lift_adapter/install/ros2_lift_adapter/lib/python3.10/site-packages/ros2_lift_adapter/ros2_sim_handler.py
/home/dsta-intern-fleet/py_lift_adapter/install/ros2_lift_adapter/lib/python3.10/site-packages/ros2_lift_adapter/__init__.py
/home/dsta-intern-fleet/py_lift_adapter/install/ros2_lift_adapter/lib/python3.10/site-packages/ros2_lift_adapter/mqtt_client.py
/home/dsta-intern-fleet/py_lift_adapter/install/ros2_lift_adapter/lib/python3.10/site-packages/ros2_lift_adapter/ros2_sim_gui.py
/home/dsta-intern-fleet/py_lift_adapter/install/ros2_lift_adapter/lib/python3.10/site-packages/ros2_lift_adapter/__pycache__/fleet_adapter.cpython-310.pyc
/home/dsta-intern-fleet/py_lift_adapter/install/ros2_lift_adapter/lib/python3.10/site-packages/ros2_lift_adapter/__pycache__/listener.cpython-310.pyc
/home/dsta-intern-fleet/py_lift_adapter/install/ros2_lift_adapter/lib/python3.10/site-packages/ros2_lift_adapter/__pycache__/ros2_fleet.cpython-310.pyc
/home/dsta-intern-fleet/py_lift_adapter/install/ros2_lift_adapter/lib/python3.10/site-packages/ros2_lift_adapter/__pycache__/lift_adapter_sim.cpython-310.pyc
/home/dsta-intern-fleet/py_lift_adapter/install/ros2_lift_adapter/lib/python3.10/site-packages/ros2_lift_adapter/__pycache__/db.cpython-310.pyc
/home/dsta-intern-fleet/py_lift_adapter/install/ros2_lift_adapter/lib/python3.10/site-packages/ros2_lift_adapter/__pycache__/lift_request_handler.cpython-310.pyc
/home/dsta-intern-fleet/py_lift_adapter/install/ros2_lift_adapter/lib/python3.10/site-packages/ros2_lift_adapter/__pycache__/ros2_lift.cpython-310.pyc
/home/dsta-intern-fleet/py_lift_adapter/install/ros2_lift_adapter/lib/python3.10/site-packages/ros2_lift_adapter/__pycache__/ros2_sim_handler.cpython-310.pyc
/home/dsta-intern-fleet/py_lift_adapter/install/ros2_lift_adapter/lib/python3.10/site-packages/ros2_lift_adapter/__pycache__/__init__.cpython-310.pyc
/home/dsta-intern-fleet/py_lift_adapter/install/ros2_lift_adapter/lib/python3.10/site-packages/ros2_lift_adapter/__pycache__/mqtt_client.cpython-310.pyc
/home/dsta-intern-fleet/py_lift_adapter/install/ros2_lift_adapter/lib/python3.10/site-packages/ros2_lift_adapter/__pycache__/ros2_sim_gui.cpython-310.pyc
/home/dsta-intern-fleet/py_lift_adapter/install/ros2_lift_adapter/share/ament_index/resource_index/packages/ros2_lift_adapter
/home/dsta-intern-fleet/py_lift_adapter/install/ros2_lift_adapter/share/ros2_lift_adapter/package.xml
/home/dsta-intern-fleet/py_lift_adapter/install/ros2_lift_adapter/lib/python3.10/site-packages/ros2_lift_adapter-0.0.0-py3.10.egg-info/dependency_links.txt
/home/dsta-intern-fleet/py_lift_adapter/install/ros2_lift_adapter/lib/python3.10/site-packages/ros2_lift_adapter-0.0.0-py3.10.egg-info/SOURCES.txt
/home/dsta-intern-fleet/py_lift_adapter/install/ros2_lift_adapter/lib/python3.10/site-packages/ros2_lift_adapter-0.0.0-py3.10.egg-info/entry_points.txt
/home/dsta-intern-fleet/py_lift_adapter/install/ros2_lift_adapter/lib/python3.10/site-packages/ros2_lift_adapter-0.0.0-py3.10.egg-info/top_level.txt
/home/dsta-intern-fleet/py_lift_adapter/install/ros2_lift_adapter/lib/python3.10/site-packages/ros2_lift_adapter-0.0.0-py3.10.egg-info/requires.txt
/home/dsta-intern-fleet/py_lift_adapter/install/ros2_lift_adapter/lib/python3.10/site-packages/ros2_lift_adapter-0.0.0-py3.10.egg-info/PKG-INFO
/home/dsta-intern-fleet/py_lift_adapter/install/ros2_lift_adapter/lib/python3.10/site-packages/ros2_lift_adapter-0.0.0-py3.10.egg-info/zip-safe
/home/dsta-intern-fleet/py_lift_adapter/install/ros2_lift_adapter/lib/ros2_lift_adapter/fleet_adapter
/home/dsta-intern-fleet/py_lift_adapter/install/ros2_lift_adapter/lib/ros2_lift_adapter/lift_adapter_sim
/home/dsta-intern-fleet/py_lift_adapter/install/ros2_lift_adapter/lib/ros2_lift_adapter/listener
/home/dsta-intern-fleet/py_lift_adapter/install/ros2_lift_adapter/lib/ros2_lift_adapter/ros2_sim_gui
/home/dsta-intern-fleet/py_lift_adapter/install/ros2_lift_adapter/lib/ros2_lift_adapter/ros2_sim_handler
