[2.978s] Invoking command in '/home/dsta-intern-fleet/py_lift_adapter/src/ros2_lift_adapter': PYTHONPATH=/home/dsta-intern-fleet/py_lift_adapter/build/ros2_lift_adapter/prefix_override:/home/dsta-intern-fleet/py_lift_adapter/install/ros2_lift_adapter/lib/python3.10/site-packages:${PYTHONPATH} /usr/bin/python3 setup.py egg_info --egg-base ../../build/ros2_lift_adapter build --build-base /home/dsta-intern-fleet/py_lift_adapter/build/ros2_lift_adapter/build install --record /home/dsta-intern-fleet/py_lift_adapter/build/ros2_lift_adapter/install.log --single-version-externally-managed
[4.036s] running egg_info
[4.038s] writing ../../build/ros2_lift_adapter/ros2_lift_adapter.egg-info/PKG-INFO
[4.040s] writing dependency_links to ../../build/ros2_lift_adapter/ros2_lift_adapter.egg-info/dependency_links.txt
[4.041s] writing entry points to ../../build/ros2_lift_adapter/ros2_lift_adapter.egg-info/entry_points.txt
[4.041s] writing requirements to ../../build/ros2_lift_adapter/ros2_lift_adapter.egg-info/requires.txt
[4.042s] writing top-level names to ../../build/ros2_lift_adapter/ros2_lift_adapter.egg-info/top_level.txt
[4.050s] reading manifest file '../../build/ros2_lift_adapter/ros2_lift_adapter.egg-info/SOURCES.txt'
[4.055s] writing manifest file '../../build/ros2_lift_adapter/ros2_lift_adapter.egg-info/SOURCES.txt'
[4.056s] running build
[4.057s] running build_py
[4.061s] running install
[4.063s] running install_lib
[4.072s] running install_data
[4.075s] running install_egg_info
[4.082s] removing '/home/dsta-intern-fleet/py_lift_adapter/install/ros2_lift_adapter/lib/python3.10/site-packages/ros2_lift_adapter-0.0.0-py3.10.egg-info' (and everything under it)
[4.084s] Copying ../../build/ros2_lift_adapter/ros2_lift_adapter.egg-info to /home/dsta-intern-fleet/py_lift_adapter/install/ros2_lift_adapter/lib/python3.10/site-packages/ros2_lift_adapter-0.0.0-py3.10.egg-info
[4.092s] running install_scripts
[4.182s] Installing listener script to /home/dsta-intern-fleet/py_lift_adapter/install/ros2_lift_adapter/lib/ros2_lift_adapter
[4.185s] writing list of installed files to '/home/dsta-intern-fleet/py_lift_adapter/build/ros2_lift_adapter/install.log'
[4.353s] Invoked command in '/home/dsta-intern-fleet/py_lift_adapter/src/ros2_lift_adapter' returned '0': PYTHONPATH=/home/dsta-intern-fleet/py_lift_adapter/build/ros2_lift_adapter/prefix_override:/home/dsta-intern-fleet/py_lift_adapter/install/ros2_lift_adapter/lib/python3.10/site-packages:${PYTHONPATH} /usr/bin/python3 setup.py egg_info --egg-base ../../build/ros2_lift_adapter build --build-base /home/dsta-intern-fleet/py_lift_adapter/build/ros2_lift_adapter/build install --record /home/dsta-intern-fleet/py_lift_adapter/build/ros2_lift_adapter/install.log --single-version-externally-managed
