[4.112s] Invoking command in '/home/dsta-intern-fleet/py_lift_adapter/src/ros2_lift_adapter': PYTHONPATH=/home/dsta-intern-fleet/py_lift_adapter/build/ros2_lift_adapter/prefix_override:/home/dsta-intern-fleet/py_lift_adapter/install/ros2_lift_adapter/lib/python3.10/site-packages:${PYTHONPATH} /usr/bin/python3 setup.py egg_info --egg-base ../../build/ros2_lift_adapter build --build-base /home/dsta-intern-fleet/py_lift_adapter/build/ros2_lift_adapter/build install --record /home/dsta-intern-fleet/py_lift_adapter/build/ros2_lift_adapter/install.log --single-version-externally-managed
[5.451s] running egg_info
[5.454s] writing ../../build/ros2_lift_adapter/ros2_lift_adapter.egg-info/PKG-INFO
[5.455s] writing dependency_links to ../../build/ros2_lift_adapter/ros2_lift_adapter.egg-info/dependency_links.txt
[5.456s] writing entry points to ../../build/ros2_lift_adapter/ros2_lift_adapter.egg-info/entry_points.txt
[5.456s] writing requirements to ../../build/ros2_lift_adapter/ros2_lift_adapter.egg-info/requires.txt
[5.457s] writing top-level names to ../../build/ros2_lift_adapter/ros2_lift_adapter.egg-info/top_level.txt
[5.469s] reading manifest file '../../build/ros2_lift_adapter/ros2_lift_adapter.egg-info/SOURCES.txt'
[5.474s] writing manifest file '../../build/ros2_lift_adapter/ros2_lift_adapter.egg-info/SOURCES.txt'
[5.474s] running build
[5.475s] running build_py
[5.479s] running install
[5.481s] running install_lib
[5.491s] running install_data
[5.494s] running install_egg_info
[5.509s] removing '/home/dsta-intern-fleet/py_lift_adapter/install/ros2_lift_adapter/lib/python3.10/site-packages/ros2_lift_adapter-0.0.0-py3.10.egg-info' (and everything under it)
[5.511s] Copying ../../build/ros2_lift_adapter/ros2_lift_adapter.egg-info to /home/dsta-intern-fleet/py_lift_adapter/install/ros2_lift_adapter/lib/python3.10/site-packages/ros2_lift_adapter-0.0.0-py3.10.egg-info
[5.518s] running install_scripts
[5.607s] Installing fleet_adapter script to /home/dsta-intern-fleet/py_lift_adapter/install/ros2_lift_adapter/lib/ros2_lift_adapter
[5.608s] Installing lift_adapter_sim script to /home/dsta-intern-fleet/py_lift_adapter/install/ros2_lift_adapter/lib/ros2_lift_adapter
[5.608s] Installing listener script to /home/dsta-intern-fleet/py_lift_adapter/install/ros2_lift_adapter/lib/ros2_lift_adapter
[5.609s] Installing ros2_sim_gui script to /home/dsta-intern-fleet/py_lift_adapter/install/ros2_lift_adapter/lib/ros2_lift_adapter
[5.610s] Installing ros2_sim_handler script to /home/dsta-intern-fleet/py_lift_adapter/install/ros2_lift_adapter/lib/ros2_lift_adapter
[5.612s] writing list of installed files to '/home/dsta-intern-fleet/py_lift_adapter/build/ros2_lift_adapter/install.log'
[5.784s] Invoked command in '/home/dsta-intern-fleet/py_lift_adapter/src/ros2_lift_adapter' returned '0': PYTHONPATH=/home/dsta-intern-fleet/py_lift_adapter/build/ros2_lift_adapter/prefix_override:/home/dsta-intern-fleet/py_lift_adapter/install/ros2_lift_adapter/lib/python3.10/site-packages:${PYTHONPATH} /usr/bin/python3 setup.py egg_info --egg-base ../../build/ros2_lift_adapter build --build-base /home/dsta-intern-fleet/py_lift_adapter/build/ros2_lift_adapter/build install --record /home/dsta-intern-fleet/py_lift_adapter/build/ros2_lift_adapter/install.log --single-version-externally-managed
