[2.722s] DEBUG:colcon:Command line arguments: ['/usr/bin/colcon', 'build']
[2.722s] DEBUG:colcon:Parsed command line arguments: Namespace(log_base=None, log_level=None, verb_name='build', build_base='build', install_base='install', merge_install=False, symlink_install=False, test_result_base=None, continue_on_error=False, executor='parallel', parallel_workers=4, event_handlers=None, ignore_user_meta=False, metas=['./colcon.meta'], base_paths=['.'], packages_ignore=None, packages_ignore_regex=None, paths=None, packages_up_to=None, packages_up_to_regex=None, packages_above=None, packages_above_and_dependencies=None, packages_above_depth=None, packages_select_by_dep=None, packages_skip_by_dep=None, packages_skip_up_to=None, packages_select_build_failed=False, packages_skip_build_finished=False, packages_select_test_failures=False, packages_skip_test_passed=False, packages_select=None, packages_skip=None, packages_select_regex=None, packages_skip_regex=None, packages_start=None, packages_end=None, allow_overriding=[], cmake_args=None, cmake_target=None, cmake_target_skip_unavailable=False, cmake_clean_cache=False, cmake_clean_first=False, cmake_force_configure=False, ament_cmake_args=None, catkin_cmake_args=None, catkin_skip_building_tests=False, verb_parser=<colcon_defaults.argument_parser.defaults.DefaultArgumentsDecorator object at 0xffffa51d7190>, verb_extension=<colcon_core.verb.build.BuildVerb object at 0xffffa54e6f20>, main=<bound method BuildVerb.main of <colcon_core.verb.build.BuildVerb object at 0xffffa54e6f20>>)
[2.872s] Level 1:colcon.colcon_core.package_discovery:discover_packages(colcon_meta) check parameters
[2.873s] Level 1:colcon.colcon_core.package_discovery:discover_packages(recursive) check parameters
[2.873s] Level 1:colcon.colcon_core.package_discovery:discover_packages(ignore) check parameters
[2.873s] Level 1:colcon.colcon_core.package_discovery:discover_packages(path) check parameters
[2.873s] Level 1:colcon.colcon_core.package_discovery:discover_packages(colcon_meta) discover
[2.874s] Level 1:colcon.colcon_core.package_discovery:discover_packages(recursive) discover
[2.874s] INFO:colcon.colcon_core.package_discovery:Crawling recursively for packages in '/home/dsta-intern-fleet/py_lift_adapter'
[2.874s] Level 1:colcon.colcon_core.package_identification:_identify(.) by extensions ['ignore', 'ignore_ament_install']
[2.875s] Level 1:colcon.colcon_core.package_identification:_identify(.) by extension 'ignore'
[2.875s] Level 1:colcon.colcon_core.package_identification:_identify(.) by extension 'ignore_ament_install'
[2.875s] Level 1:colcon.colcon_core.package_identification:_identify(.) by extensions ['colcon_pkg']
[2.875s] Level 1:colcon.colcon_core.package_identification:_identify(.) by extension 'colcon_pkg'
[2.875s] Level 1:colcon.colcon_core.package_identification:_identify(.) by extensions ['colcon_meta']
[2.875s] Level 1:colcon.colcon_core.package_identification:_identify(.) by extension 'colcon_meta'
[2.876s] Level 1:colcon.colcon_core.package_identification:_identify(.) by extensions ['ros']
[2.876s] Level 1:colcon.colcon_core.package_identification:_identify(.) by extension 'ros'
[2.921s] Level 1:colcon.colcon_core.package_identification:_identify(.) by extensions ['cmake', 'python']
[2.921s] Level 1:colcon.colcon_core.package_identification:_identify(.) by extension 'cmake'
[2.921s] Level 1:colcon.colcon_core.package_identification:_identify(.) by extension 'python'
[2.921s] Level 1:colcon.colcon_core.package_identification:_identify(.) by extensions ['python_setup_py']
[2.921s] Level 1:colcon.colcon_core.package_identification:_identify(.) by extension 'python_setup_py'
[2.922s] Level 1:colcon.colcon_core.package_identification:_identify(build) by extensions ['ignore', 'ignore_ament_install']
[2.922s] Level 1:colcon.colcon_core.package_identification:_identify(build) by extension 'ignore'
[2.922s] Level 1:colcon.colcon_core.package_identification:_identify(build) ignored
[2.923s] Level 1:colcon.colcon_core.package_identification:_identify(install) by extensions ['ignore', 'ignore_ament_install']
[2.923s] Level 1:colcon.colcon_core.package_identification:_identify(install) by extension 'ignore'
[2.924s] Level 1:colcon.colcon_core.package_identification:_identify(install) ignored
[2.924s] Level 1:colcon.colcon_core.package_identification:_identify(log) by extensions ['ignore', 'ignore_ament_install']
[2.924s] Level 1:colcon.colcon_core.package_identification:_identify(log) by extension 'ignore'
[2.925s] Level 1:colcon.colcon_core.package_identification:_identify(log) ignored
[2.925s] Level 1:colcon.colcon_core.package_identification:_identify(src) by extensions ['ignore', 'ignore_ament_install']
[2.925s] Level 1:colcon.colcon_core.package_identification:_identify(src) by extension 'ignore'
[2.926s] Level 1:colcon.colcon_core.package_identification:_identify(src) by extension 'ignore_ament_install'
[2.926s] Level 1:colcon.colcon_core.package_identification:_identify(src) by extensions ['colcon_pkg']
[2.926s] Level 1:colcon.colcon_core.package_identification:_identify(src) by extension 'colcon_pkg'
[2.926s] Level 1:colcon.colcon_core.package_identification:_identify(src) by extensions ['colcon_meta']
[2.926s] Level 1:colcon.colcon_core.package_identification:_identify(src) by extension 'colcon_meta'
[2.926s] Level 1:colcon.colcon_core.package_identification:_identify(src) by extensions ['ros']
[2.926s] Level 1:colcon.colcon_core.package_identification:_identify(src) by extension 'ros'
[2.927s] Level 1:colcon.colcon_core.package_identification:_identify(src) by extensions ['cmake', 'python']
[2.927s] Level 1:colcon.colcon_core.package_identification:_identify(src) by extension 'cmake'
[2.927s] Level 1:colcon.colcon_core.package_identification:_identify(src) by extension 'python'
[2.927s] Level 1:colcon.colcon_core.package_identification:_identify(src) by extensions ['python_setup_py']
[2.927s] Level 1:colcon.colcon_core.package_identification:_identify(src) by extension 'python_setup_py'
[2.928s] Level 1:colcon.colcon_core.package_identification:_identify(src/ros2_lift_adapter) by extensions ['ignore', 'ignore_ament_install']
[2.928s] Level 1:colcon.colcon_core.package_identification:_identify(src/ros2_lift_adapter) by extension 'ignore'
[2.928s] Level 1:colcon.colcon_core.package_identification:_identify(src/ros2_lift_adapter) by extension 'ignore_ament_install'
[2.929s] Level 1:colcon.colcon_core.package_identification:_identify(src/ros2_lift_adapter) by extensions ['colcon_pkg']
[2.929s] Level 1:colcon.colcon_core.package_identification:_identify(src/ros2_lift_adapter) by extension 'colcon_pkg'
[2.929s] Level 1:colcon.colcon_core.package_identification:_identify(src/ros2_lift_adapter) by extensions ['colcon_meta']
[2.929s] Level 1:colcon.colcon_core.package_identification:_identify(src/ros2_lift_adapter) by extension 'colcon_meta'
[2.929s] Level 1:colcon.colcon_core.package_identification:_identify(src/ros2_lift_adapter) by extensions ['ros']
[2.929s] Level 1:colcon.colcon_core.package_identification:_identify(src/ros2_lift_adapter) by extension 'ros'
[2.938s] DEBUG:colcon.colcon_core.package_identification:Package 'src/ros2_lift_adapter' with type 'ros.ament_python' and name 'ros2_lift_adapter'
[2.939s] Level 1:colcon.colcon_core.package_discovery:discover_packages(recursive) using defaults
[2.939s] Level 1:colcon.colcon_core.package_discovery:discover_packages(ignore) discover
[2.939s] Level 1:colcon.colcon_core.package_discovery:discover_packages(ignore) using defaults
[2.939s] Level 1:colcon.colcon_core.package_discovery:discover_packages(path) discover
[2.939s] Level 1:colcon.colcon_core.package_discovery:discover_packages(path) using defaults
[3.179s] Level 1:colcon.colcon_core.package_discovery:discover_packages(prefix_path) check parameters
[3.179s] Level 1:colcon.colcon_core.package_discovery:discover_packages(prefix_path) discover
[3.251s] DEBUG:colcon.colcon_installed_package_information.package_discovery:Found 1 installed packages in /home/dsta-intern-fleet/py_lift_adapter/install
[3.251s] Level 1:colcon.colcon_core.package_discovery:discover_packages(prefix_path) using defaults
[3.325s] Level 5:colcon.colcon_core.verb:set package 'ros2_lift_adapter' build argument 'cmake_args' from command line to 'None'
[3.325s] Level 5:colcon.colcon_core.verb:set package 'ros2_lift_adapter' build argument 'cmake_target' from command line to 'None'
[3.326s] Level 5:colcon.colcon_core.verb:set package 'ros2_lift_adapter' build argument 'cmake_target_skip_unavailable' from command line to 'False'
[3.326s] Level 5:colcon.colcon_core.verb:set package 'ros2_lift_adapter' build argument 'cmake_clean_cache' from command line to 'False'
[3.326s] Level 5:colcon.colcon_core.verb:set package 'ros2_lift_adapter' build argument 'cmake_clean_first' from command line to 'False'
[3.326s] Level 5:colcon.colcon_core.verb:set package 'ros2_lift_adapter' build argument 'cmake_force_configure' from command line to 'False'
[3.326s] Level 5:colcon.colcon_core.verb:set package 'ros2_lift_adapter' build argument 'ament_cmake_args' from command line to 'None'
[3.326s] Level 5:colcon.colcon_core.verb:set package 'ros2_lift_adapter' build argument 'catkin_cmake_args' from command line to 'None'
[3.326s] Level 5:colcon.colcon_core.verb:set package 'ros2_lift_adapter' build argument 'catkin_skip_building_tests' from command line to 'False'
[3.326s] DEBUG:colcon.colcon_core.verb:Building package 'ros2_lift_adapter' with the following arguments: {'ament_cmake_args': None, 'build_base': '/home/dsta-intern-fleet/py_lift_adapter/build/ros2_lift_adapter', 'catkin_cmake_args': None, 'catkin_skip_building_tests': False, 'cmake_args': None, 'cmake_clean_cache': False, 'cmake_clean_first': False, 'cmake_force_configure': False, 'cmake_target': None, 'cmake_target_skip_unavailable': False, 'install_base': '/home/dsta-intern-fleet/py_lift_adapter/install/ros2_lift_adapter', 'merge_install': False, 'path': '/home/dsta-intern-fleet/py_lift_adapter/src/ros2_lift_adapter', 'symlink_install': False, 'test_result_base': None}
[3.359s] INFO:colcon.colcon_core.executor:Executing jobs using 'parallel' executor
[3.394s] DEBUG:colcon.colcon_parallel_executor.executor.parallel:run_until_complete
[3.396s] INFO:colcon.colcon_ros.task.ament_python.build:Building ROS package in '/home/dsta-intern-fleet/py_lift_adapter/src/ros2_lift_adapter' with build type 'ament_python'
[3.396s] Level 1:colcon.colcon_core.shell:create_environment_hook('ros2_lift_adapter', 'ament_prefix_path')
[3.442s] INFO:colcon.colcon_core.plugin_system:Skipping extension 'colcon_core.shell.bat': Not used on non-Windows systems
[3.443s] INFO:colcon.colcon_core.shell:Creating environment hook '/home/dsta-intern-fleet/py_lift_adapter/install/ros2_lift_adapter/share/ros2_lift_adapter/hook/ament_prefix_path.ps1'
[3.453s] INFO:colcon.colcon_core.shell:Creating environment descriptor '/home/dsta-intern-fleet/py_lift_adapter/install/ros2_lift_adapter/share/ros2_lift_adapter/hook/ament_prefix_path.dsv'
[3.456s] INFO:colcon.colcon_core.shell:Creating environment hook '/home/dsta-intern-fleet/py_lift_adapter/install/ros2_lift_adapter/share/ros2_lift_adapter/hook/ament_prefix_path.sh'
[3.498s] INFO:colcon.colcon_core.shell:Skip shell extension 'powershell' for command environment: Not usable outside of PowerShell
[3.499s] DEBUG:colcon.colcon_core.shell:Skip shell extension 'dsv' for command environment
[4.734s] INFO:colcon.colcon_core.task.python.build:Building Python package in '/home/dsta-intern-fleet/py_lift_adapter/src/ros2_lift_adapter'
[4.782s] INFO:colcon.colcon_core.shell:Skip shell extension 'powershell' for command environment: Not usable outside of PowerShell
[4.783s] DEBUG:colcon.colcon_core.shell:Skip shell extension 'dsv' for command environment
[6.381s] DEBUG:colcon.colcon_core.event_handler.log_command:Invoking command in '/home/dsta-intern-fleet/py_lift_adapter/src/ros2_lift_adapter': PYTHONPATH=/home/dsta-intern-fleet/py_lift_adapter/build/ros2_lift_adapter/prefix_override:/home/dsta-intern-fleet/py_lift_adapter/install/ros2_lift_adapter/lib/python3.10/site-packages:${PYTHONPATH} /usr/bin/python3 setup.py egg_info --egg-base ../../build/ros2_lift_adapter build --build-base /home/dsta-intern-fleet/py_lift_adapter/build/ros2_lift_adapter/build install --record /home/dsta-intern-fleet/py_lift_adapter/build/ros2_lift_adapter/install.log --single-version-externally-managed
[7.750s] DEBUG:colcon.colcon_core.event_handler.log_command:Invoked command in '/home/dsta-intern-fleet/py_lift_adapter/src/ros2_lift_adapter' returned '0': PYTHONPATH=/home/dsta-intern-fleet/py_lift_adapter/build/ros2_lift_adapter/prefix_override:/home/dsta-intern-fleet/py_lift_adapter/install/ros2_lift_adapter/lib/python3.10/site-packages:${PYTHONPATH} /usr/bin/python3 setup.py egg_info --egg-base ../../build/ros2_lift_adapter build --build-base /home/dsta-intern-fleet/py_lift_adapter/build/ros2_lift_adapter/build install --record /home/dsta-intern-fleet/py_lift_adapter/build/ros2_lift_adapter/install.log --single-version-externally-managed
[7.810s] Level 1:colcon.colcon_core.environment:checking '/home/dsta-intern-fleet/py_lift_adapter/install/ros2_lift_adapter' for CMake module files
[7.813s] Level 1:colcon.colcon_core.environment:checking '/home/dsta-intern-fleet/py_lift_adapter/install/ros2_lift_adapter' for CMake config files
[7.817s] Level 1:colcon.colcon_core.environment:checking '/home/dsta-intern-fleet/py_lift_adapter/install/ros2_lift_adapter/lib'
[7.818s] Level 1:colcon.colcon_core.environment:checking '/home/dsta-intern-fleet/py_lift_adapter/install/ros2_lift_adapter/bin'
[7.818s] Level 1:colcon.colcon_core.environment:checking '/home/dsta-intern-fleet/py_lift_adapter/install/ros2_lift_adapter/lib/pkgconfig/ros2_lift_adapter.pc'
[7.819s] Level 1:colcon.colcon_core.environment:checking '/home/dsta-intern-fleet/py_lift_adapter/install/ros2_lift_adapter/lib/python3.10/site-packages'
[7.820s] Level 1:colcon.colcon_core.shell:create_environment_hook('ros2_lift_adapter', 'pythonpath')
[7.854s] INFO:colcon.colcon_core.shell:Creating environment hook '/home/dsta-intern-fleet/py_lift_adapter/install/ros2_lift_adapter/share/ros2_lift_adapter/hook/pythonpath.ps1'
[7.856s] INFO:colcon.colcon_core.shell:Creating environment descriptor '/home/dsta-intern-fleet/py_lift_adapter/install/ros2_lift_adapter/share/ros2_lift_adapter/hook/pythonpath.dsv'
[7.859s] INFO:colcon.colcon_core.shell:Creating environment hook '/home/dsta-intern-fleet/py_lift_adapter/install/ros2_lift_adapter/share/ros2_lift_adapter/hook/pythonpath.sh'
[7.863s] Level 1:colcon.colcon_core.environment:checking '/home/dsta-intern-fleet/py_lift_adapter/install/ros2_lift_adapter/bin'
[7.863s] Level 1:colcon.colcon_core.environment:create_environment_scripts_only(ros2_lift_adapter)
[7.910s] INFO:colcon.colcon_core.shell:Creating package script '/home/dsta-intern-fleet/py_lift_adapter/install/ros2_lift_adapter/share/ros2_lift_adapter/package.ps1'
[7.915s] INFO:colcon.colcon_core.shell:Creating package descriptor '/home/dsta-intern-fleet/py_lift_adapter/install/ros2_lift_adapter/share/ros2_lift_adapter/package.dsv'
[7.918s] INFO:colcon.colcon_core.shell:Creating package script '/home/dsta-intern-fleet/py_lift_adapter/install/ros2_lift_adapter/share/ros2_lift_adapter/package.sh'
[7.921s] INFO:colcon.colcon_core.shell:Creating package script '/home/dsta-intern-fleet/py_lift_adapter/install/ros2_lift_adapter/share/ros2_lift_adapter/package.bash'
[7.925s] INFO:colcon.colcon_core.shell:Creating package script '/home/dsta-intern-fleet/py_lift_adapter/install/ros2_lift_adapter/share/ros2_lift_adapter/package.zsh'
[7.928s] Level 1:colcon.colcon_core.environment:create_file_with_runtime_dependencies(/home/dsta-intern-fleet/py_lift_adapter/install/ros2_lift_adapter/share/colcon-core/packages/ros2_lift_adapter)
[7.930s] DEBUG:colcon.colcon_parallel_executor.executor.parallel:closing loop
[7.931s] DEBUG:colcon.colcon_parallel_executor.executor.parallel:loop closed
[7.931s] DEBUG:colcon.colcon_parallel_executor.executor.parallel:run_until_complete finished with '0'
[7.932s] DEBUG:colcon.colcon_core.event_reactor:joining thread
[8.007s] INFO:colcon.colcon_core.plugin_system:Skipping extension 'colcon_notification.desktop_notification.terminal_notifier': Not used on non-Darwin systems
[8.008s] INFO:colcon.colcon_core.plugin_system:Skipping extension 'colcon_notification.desktop_notification.win32': Not used on non-Windows systems
[8.008s] INFO:colcon.colcon_notification.desktop_notification:Sending desktop notification using 'notify2'
[8.071s] DEBUG:colcon.colcon_core.event_reactor:joined thread
[8.126s] INFO:colcon.colcon_core.shell:Creating prefix script '/home/dsta-intern-fleet/py_lift_adapter/install/local_setup.ps1'
[8.131s] INFO:colcon.colcon_core.shell:Creating prefix util module '/home/dsta-intern-fleet/py_lift_adapter/install/_local_setup_util_ps1.py'
[8.137s] INFO:colcon.colcon_core.shell:Creating prefix chain script '/home/dsta-intern-fleet/py_lift_adapter/install/setup.ps1'
[8.181s] INFO:colcon.colcon_core.shell:Creating prefix script '/home/dsta-intern-fleet/py_lift_adapter/install/local_setup.sh'
[8.184s] INFO:colcon.colcon_core.shell:Creating prefix util module '/home/dsta-intern-fleet/py_lift_adapter/install/_local_setup_util_sh.py'
[8.187s] INFO:colcon.colcon_core.shell:Creating prefix chain script '/home/dsta-intern-fleet/py_lift_adapter/install/setup.sh'
[8.239s] INFO:colcon.colcon_core.shell:Creating prefix script '/home/dsta-intern-fleet/py_lift_adapter/install/local_setup.bash'
[8.244s] INFO:colcon.colcon_core.shell:Creating prefix chain script '/home/dsta-intern-fleet/py_lift_adapter/install/setup.bash'
[8.293s] INFO:colcon.colcon_core.shell:Creating prefix script '/home/dsta-intern-fleet/py_lift_adapter/install/local_setup.zsh'
[8.296s] INFO:colcon.colcon_core.shell:Creating prefix chain script '/home/dsta-intern-fleet/py_lift_adapter/install/setup.zsh'
