[4.412s] DEBUG:colcon:Command line arguments: ['/usr/bin/colcon', 'build']
[4.412s] DEBUG:colcon:Parsed command line arguments: Namespace(log_base=None, log_level=None, verb_name='build', build_base='build', install_base='install', merge_install=False, symlink_install=False, test_result_base=None, continue_on_error=False, executor='parallel', parallel_workers=4, event_handlers=None, ignore_user_meta=False, metas=['./colcon.meta'], base_paths=['.'], packages_ignore=None, packages_ignore_regex=None, paths=None, packages_up_to=None, packages_up_to_regex=None, packages_above=None, packages_above_and_dependencies=None, packages_above_depth=None, packages_select_by_dep=None, packages_skip_by_dep=None, packages_skip_up_to=None, packages_select_build_failed=False, packages_skip_build_finished=False, packages_select_test_failures=False, packages_skip_test_passed=False, packages_select=None, packages_skip=None, packages_select_regex=None, packages_skip_regex=None, packages_start=None, packages_end=None, allow_overriding=[], cmake_args=None, cmake_target=None, cmake_target_skip_unavailable=False, cmake_clean_cache=False, cmake_clean_first=False, cmake_force_configure=False, ament_cmake_args=None, catkin_cmake_args=None, catkin_skip_building_tests=False, verb_parser=<colcon_defaults.argument_parser.defaults.DefaultArgumentsDecorator object at 0xffffaefdc070>, verb_extension=<colcon_core.verb.build.BuildVerb object at 0xffffaf2c5690>, main=<bound method BuildVerb.main of <colcon_core.verb.build.BuildVerb object at 0xffffaf2c5690>>)
[4.611s] Level 1:colcon.colcon_core.package_discovery:discover_packages(colcon_meta) check parameters
[4.612s] Level 1:colcon.colcon_core.package_discovery:discover_packages(recursive) check parameters
[4.612s] Level 1:colcon.colcon_core.package_discovery:discover_packages(ignore) check parameters
[4.612s] Level 1:colcon.colcon_core.package_discovery:discover_packages(path) check parameters
[4.612s] Level 1:colcon.colcon_core.package_discovery:discover_packages(colcon_meta) discover
[4.612s] Level 1:colcon.colcon_core.package_discovery:discover_packages(recursive) discover
[4.612s] INFO:colcon.colcon_core.package_discovery:Crawling recursively for packages in '/home/dsta-intern-fleet/py_lift_adapter'
[4.613s] Level 1:colcon.colcon_core.package_identification:_identify(.) by extensions ['ignore', 'ignore_ament_install']
[4.613s] Level 1:colcon.colcon_core.package_identification:_identify(.) by extension 'ignore'
[4.613s] Level 1:colcon.colcon_core.package_identification:_identify(.) by extension 'ignore_ament_install'
[4.614s] Level 1:colcon.colcon_core.package_identification:_identify(.) by extensions ['colcon_pkg']
[4.614s] Level 1:colcon.colcon_core.package_identification:_identify(.) by extension 'colcon_pkg'
[4.614s] Level 1:colcon.colcon_core.package_identification:_identify(.) by extensions ['colcon_meta']
[4.614s] Level 1:colcon.colcon_core.package_identification:_identify(.) by extension 'colcon_meta'
[4.614s] Level 1:colcon.colcon_core.package_identification:_identify(.) by extensions ['ros']
[4.614s] Level 1:colcon.colcon_core.package_identification:_identify(.) by extension 'ros'
[4.662s] Level 1:colcon.colcon_core.package_identification:_identify(.) by extensions ['cmake', 'python']
[4.663s] Level 1:colcon.colcon_core.package_identification:_identify(.) by extension 'cmake'
[4.663s] Level 1:colcon.colcon_core.package_identification:_identify(.) by extension 'python'
[4.663s] Level 1:colcon.colcon_core.package_identification:_identify(.) by extensions ['python_setup_py']
[4.663s] Level 1:colcon.colcon_core.package_identification:_identify(.) by extension 'python_setup_py'
[4.664s] Level 1:colcon.colcon_core.package_identification:_identify(build) by extensions ['ignore', 'ignore_ament_install']
[4.664s] Level 1:colcon.colcon_core.package_identification:_identify(build) by extension 'ignore'
[4.664s] Level 1:colcon.colcon_core.package_identification:_identify(build) ignored
[4.665s] Level 1:colcon.colcon_core.package_identification:_identify(install) by extensions ['ignore', 'ignore_ament_install']
[4.665s] Level 1:colcon.colcon_core.package_identification:_identify(install) by extension 'ignore'
[4.666s] Level 1:colcon.colcon_core.package_identification:_identify(install) ignored
[4.666s] Level 1:colcon.colcon_core.package_identification:_identify(log) by extensions ['ignore', 'ignore_ament_install']
[4.666s] Level 1:colcon.colcon_core.package_identification:_identify(log) by extension 'ignore'
[4.667s] Level 1:colcon.colcon_core.package_identification:_identify(log) ignored
[4.667s] Level 1:colcon.colcon_core.package_identification:_identify(src) by extensions ['ignore', 'ignore_ament_install']
[4.667s] Level 1:colcon.colcon_core.package_identification:_identify(src) by extension 'ignore'
[4.667s] Level 1:colcon.colcon_core.package_identification:_identify(src) by extension 'ignore_ament_install'
[4.668s] Level 1:colcon.colcon_core.package_identification:_identify(src) by extensions ['colcon_pkg']
[4.668s] Level 1:colcon.colcon_core.package_identification:_identify(src) by extension 'colcon_pkg'
[4.668s] Level 1:colcon.colcon_core.package_identification:_identify(src) by extensions ['colcon_meta']
[4.668s] Level 1:colcon.colcon_core.package_identification:_identify(src) by extension 'colcon_meta'
[4.668s] Level 1:colcon.colcon_core.package_identification:_identify(src) by extensions ['ros']
[4.668s] Level 1:colcon.colcon_core.package_identification:_identify(src) by extension 'ros'
[4.669s] Level 1:colcon.colcon_core.package_identification:_identify(src) by extensions ['cmake', 'python']
[4.669s] Level 1:colcon.colcon_core.package_identification:_identify(src) by extension 'cmake'
[4.669s] Level 1:colcon.colcon_core.package_identification:_identify(src) by extension 'python'
[4.669s] Level 1:colcon.colcon_core.package_identification:_identify(src) by extensions ['python_setup_py']
[4.669s] Level 1:colcon.colcon_core.package_identification:_identify(src) by extension 'python_setup_py'
[4.670s] Level 1:colcon.colcon_core.package_identification:_identify(src/ros2_lift_adapter) by extensions ['ignore', 'ignore_ament_install']
[4.670s] Level 1:colcon.colcon_core.package_identification:_identify(src/ros2_lift_adapter) by extension 'ignore'
[4.670s] Level 1:colcon.colcon_core.package_identification:_identify(src/ros2_lift_adapter) by extension 'ignore_ament_install'
[4.671s] Level 1:colcon.colcon_core.package_identification:_identify(src/ros2_lift_adapter) by extensions ['colcon_pkg']
[4.671s] Level 1:colcon.colcon_core.package_identification:_identify(src/ros2_lift_adapter) by extension 'colcon_pkg'
[4.671s] Level 1:colcon.colcon_core.package_identification:_identify(src/ros2_lift_adapter) by extensions ['colcon_meta']
[4.671s] Level 1:colcon.colcon_core.package_identification:_identify(src/ros2_lift_adapter) by extension 'colcon_meta'
[4.671s] Level 1:colcon.colcon_core.package_identification:_identify(src/ros2_lift_adapter) by extensions ['ros']
[4.671s] Level 1:colcon.colcon_core.package_identification:_identify(src/ros2_lift_adapter) by extension 'ros'
[4.680s] DEBUG:colcon.colcon_core.package_identification:Package 'src/ros2_lift_adapter' with type 'ros.ament_python' and name 'ros2_lift_adapter'
[4.680s] Level 1:colcon.colcon_core.package_discovery:discover_packages(recursive) using defaults
[4.681s] Level 1:colcon.colcon_core.package_discovery:discover_packages(ignore) discover
[4.681s] Level 1:colcon.colcon_core.package_discovery:discover_packages(ignore) using defaults
[4.681s] Level 1:colcon.colcon_core.package_discovery:discover_packages(path) discover
[4.681s] Level 1:colcon.colcon_core.package_discovery:discover_packages(path) using defaults
[5.055s] Level 1:colcon.colcon_core.package_discovery:discover_packages(prefix_path) check parameters
[5.055s] Level 1:colcon.colcon_core.package_discovery:discover_packages(prefix_path) discover
[5.183s] DEBUG:colcon.colcon_installed_package_information.package_discovery:Found 1 installed packages in /home/dsta-intern-fleet/py_lift_adapter/install
[5.250s] DEBUG:colcon.colcon_installed_package_information.package_discovery:Found 270 installed packages in /opt/ros/humble
[5.257s] Level 1:colcon.colcon_core.package_discovery:discover_packages(prefix_path) using defaults
[5.647s] Level 5:colcon.colcon_core.verb:set package 'ros2_lift_adapter' build argument 'cmake_args' from command line to 'None'
[5.647s] Level 5:colcon.colcon_core.verb:set package 'ros2_lift_adapter' build argument 'cmake_target' from command line to 'None'
[5.647s] Level 5:colcon.colcon_core.verb:set package 'ros2_lift_adapter' build argument 'cmake_target_skip_unavailable' from command line to 'False'
[5.647s] Level 5:colcon.colcon_core.verb:set package 'ros2_lift_adapter' build argument 'cmake_clean_cache' from command line to 'False'
[5.647s] Level 5:colcon.colcon_core.verb:set package 'ros2_lift_adapter' build argument 'cmake_clean_first' from command line to 'False'
[5.647s] Level 5:colcon.colcon_core.verb:set package 'ros2_lift_adapter' build argument 'cmake_force_configure' from command line to 'False'
[5.647s] Level 5:colcon.colcon_core.verb:set package 'ros2_lift_adapter' build argument 'ament_cmake_args' from command line to 'None'
[5.648s] Level 5:colcon.colcon_core.verb:set package 'ros2_lift_adapter' build argument 'catkin_cmake_args' from command line to 'None'
[5.648s] Level 5:colcon.colcon_core.verb:set package 'ros2_lift_adapter' build argument 'catkin_skip_building_tests' from command line to 'False'
[5.648s] DEBUG:colcon.colcon_core.verb:Building package 'ros2_lift_adapter' with the following arguments: {'ament_cmake_args': None, 'build_base': '/home/dsta-intern-fleet/py_lift_adapter/build/ros2_lift_adapter', 'catkin_cmake_args': None, 'catkin_skip_building_tests': False, 'cmake_args': None, 'cmake_clean_cache': False, 'cmake_clean_first': False, 'cmake_force_configure': False, 'cmake_target': None, 'cmake_target_skip_unavailable': False, 'install_base': '/home/dsta-intern-fleet/py_lift_adapter/install/ros2_lift_adapter', 'merge_install': False, 'path': '/home/dsta-intern-fleet/py_lift_adapter/src/ros2_lift_adapter', 'symlink_install': False, 'test_result_base': None}
[5.709s] INFO:colcon.colcon_core.executor:Executing jobs using 'parallel' executor
[5.771s] DEBUG:colcon.colcon_parallel_executor.executor.parallel:run_until_complete
[5.772s] INFO:colcon.colcon_ros.task.ament_python.build:Building ROS package in '/home/dsta-intern-fleet/py_lift_adapter/src/ros2_lift_adapter' with build type 'ament_python'
[5.773s] Level 1:colcon.colcon_core.shell:create_environment_hook('ros2_lift_adapter', 'ament_prefix_path')
[5.861s] INFO:colcon.colcon_core.plugin_system:Skipping extension 'colcon_core.shell.bat': Not used on non-Windows systems
[5.862s] INFO:colcon.colcon_core.shell:Creating environment hook '/home/dsta-intern-fleet/py_lift_adapter/install/ros2_lift_adapter/share/ros2_lift_adapter/hook/ament_prefix_path.ps1'
[5.872s] INFO:colcon.colcon_core.shell:Creating environment descriptor '/home/dsta-intern-fleet/py_lift_adapter/install/ros2_lift_adapter/share/ros2_lift_adapter/hook/ament_prefix_path.dsv'
[5.875s] INFO:colcon.colcon_core.shell:Creating environment hook '/home/dsta-intern-fleet/py_lift_adapter/install/ros2_lift_adapter/share/ros2_lift_adapter/hook/ament_prefix_path.sh'
[5.968s] INFO:colcon.colcon_core.shell:Skip shell extension 'powershell' for command environment: Not usable outside of PowerShell
[5.968s] DEBUG:colcon.colcon_core.shell:Skip shell extension 'dsv' for command environment
[7.644s] INFO:colcon.colcon_core.task.python.build:Building Python package in '/home/dsta-intern-fleet/py_lift_adapter/src/ros2_lift_adapter'
[7.721s] INFO:colcon.colcon_core.shell:Skip shell extension 'powershell' for command environment: Not usable outside of PowerShell
[7.721s] DEBUG:colcon.colcon_core.shell:Skip shell extension 'dsv' for command environment
[9.761s] DEBUG:colcon.colcon_core.event_handler.log_command:Invoking command in '/home/dsta-intern-fleet/py_lift_adapter/src/ros2_lift_adapter': PYTHONPATH=/home/dsta-intern-fleet/py_lift_adapter/build/ros2_lift_adapter/prefix_override:/home/dsta-intern-fleet/py_lift_adapter/install/ros2_lift_adapter/lib/python3.10/site-packages:${PYTHONPATH} /usr/bin/python3 setup.py egg_info --egg-base ../../build/ros2_lift_adapter build --build-base /home/dsta-intern-fleet/py_lift_adapter/build/ros2_lift_adapter/build install --record /home/dsta-intern-fleet/py_lift_adapter/build/ros2_lift_adapter/install.log --single-version-externally-managed
[11.388s] DEBUG:colcon.colcon_core.event_handler.log_command:Invoked command in '/home/dsta-intern-fleet/py_lift_adapter/src/ros2_lift_adapter' returned '0': PYTHONPATH=/home/dsta-intern-fleet/py_lift_adapter/build/ros2_lift_adapter/prefix_override:/home/dsta-intern-fleet/py_lift_adapter/install/ros2_lift_adapter/lib/python3.10/site-packages:${PYTHONPATH} /usr/bin/python3 setup.py egg_info --egg-base ../../build/ros2_lift_adapter build --build-base /home/dsta-intern-fleet/py_lift_adapter/build/ros2_lift_adapter/build install --record /home/dsta-intern-fleet/py_lift_adapter/build/ros2_lift_adapter/install.log --single-version-externally-managed
[11.471s] Level 1:colcon.colcon_core.environment:checking '/home/dsta-intern-fleet/py_lift_adapter/install/ros2_lift_adapter' for CMake module files
[11.477s] Level 1:colcon.colcon_core.environment:checking '/home/dsta-intern-fleet/py_lift_adapter/install/ros2_lift_adapter' for CMake config files
[11.486s] Level 1:colcon.colcon_core.environment:checking '/home/dsta-intern-fleet/py_lift_adapter/install/ros2_lift_adapter/lib'
[11.487s] Level 1:colcon.colcon_core.environment:checking '/home/dsta-intern-fleet/py_lift_adapter/install/ros2_lift_adapter/bin'
[11.487s] Level 1:colcon.colcon_core.environment:checking '/home/dsta-intern-fleet/py_lift_adapter/install/ros2_lift_adapter/lib/pkgconfig/ros2_lift_adapter.pc'
[11.488s] Level 1:colcon.colcon_core.environment:checking '/home/dsta-intern-fleet/py_lift_adapter/install/ros2_lift_adapter/lib/python3.10/site-packages'
[11.489s] Level 1:colcon.colcon_core.shell:create_environment_hook('ros2_lift_adapter', 'pythonpath')
[11.553s] INFO:colcon.colcon_core.shell:Creating environment hook '/home/dsta-intern-fleet/py_lift_adapter/install/ros2_lift_adapter/share/ros2_lift_adapter/hook/pythonpath.ps1'
[11.555s] INFO:colcon.colcon_core.shell:Creating environment descriptor '/home/dsta-intern-fleet/py_lift_adapter/install/ros2_lift_adapter/share/ros2_lift_adapter/hook/pythonpath.dsv'
[11.558s] INFO:colcon.colcon_core.shell:Creating environment hook '/home/dsta-intern-fleet/py_lift_adapter/install/ros2_lift_adapter/share/ros2_lift_adapter/hook/pythonpath.sh'
[11.561s] Level 1:colcon.colcon_core.environment:checking '/home/dsta-intern-fleet/py_lift_adapter/install/ros2_lift_adapter/bin'
[11.562s] Level 1:colcon.colcon_core.environment:create_environment_scripts_only(ros2_lift_adapter)
[11.637s] INFO:colcon.colcon_core.shell:Creating package script '/home/dsta-intern-fleet/py_lift_adapter/install/ros2_lift_adapter/share/ros2_lift_adapter/package.ps1'
[11.641s] INFO:colcon.colcon_core.shell:Creating package descriptor '/home/dsta-intern-fleet/py_lift_adapter/install/ros2_lift_adapter/share/ros2_lift_adapter/package.dsv'
[11.643s] INFO:colcon.colcon_core.shell:Creating package script '/home/dsta-intern-fleet/py_lift_adapter/install/ros2_lift_adapter/share/ros2_lift_adapter/package.sh'
[11.648s] INFO:colcon.colcon_core.shell:Creating package script '/home/dsta-intern-fleet/py_lift_adapter/install/ros2_lift_adapter/share/ros2_lift_adapter/package.bash'
[11.652s] INFO:colcon.colcon_core.shell:Creating package script '/home/dsta-intern-fleet/py_lift_adapter/install/ros2_lift_adapter/share/ros2_lift_adapter/package.zsh'
[11.656s] Level 1:colcon.colcon_core.environment:create_file_with_runtime_dependencies(/home/dsta-intern-fleet/py_lift_adapter/install/ros2_lift_adapter/share/colcon-core/packages/ros2_lift_adapter)
[11.657s] DEBUG:colcon.colcon_parallel_executor.executor.parallel:closing loop
[11.659s] DEBUG:colcon.colcon_parallel_executor.executor.parallel:loop closed
[11.659s] DEBUG:colcon.colcon_parallel_executor.executor.parallel:run_until_complete finished with '0'
[11.660s] DEBUG:colcon.colcon_core.event_reactor:joining thread
[11.780s] INFO:colcon.colcon_core.plugin_system:Skipping extension 'colcon_notification.desktop_notification.terminal_notifier': Not used on non-Darwin systems
[11.781s] INFO:colcon.colcon_core.plugin_system:Skipping extension 'colcon_notification.desktop_notification.win32': Not used on non-Windows systems
[11.781s] INFO:colcon.colcon_notification.desktop_notification:Sending desktop notification using 'notify2'
[11.837s] DEBUG:colcon.colcon_core.event_reactor:joined thread
[11.930s] INFO:colcon.colcon_core.shell:Creating prefix script '/home/dsta-intern-fleet/py_lift_adapter/install/local_setup.ps1'
[11.934s] INFO:colcon.colcon_core.shell:Creating prefix util module '/home/dsta-intern-fleet/py_lift_adapter/install/_local_setup_util_ps1.py'
[11.941s] INFO:colcon.colcon_core.shell:Creating prefix chain script '/home/dsta-intern-fleet/py_lift_adapter/install/setup.ps1'
[12.059s] INFO:colcon.colcon_core.shell:Creating prefix script '/home/dsta-intern-fleet/py_lift_adapter/install/local_setup.sh'
[12.061s] INFO:colcon.colcon_core.shell:Creating prefix util module '/home/dsta-intern-fleet/py_lift_adapter/install/_local_setup_util_sh.py'
[12.064s] INFO:colcon.colcon_core.shell:Creating prefix chain script '/home/dsta-intern-fleet/py_lift_adapter/install/setup.sh'
[12.128s] INFO:colcon.colcon_core.shell:Creating prefix script '/home/dsta-intern-fleet/py_lift_adapter/install/local_setup.bash'
[12.131s] INFO:colcon.colcon_core.shell:Creating prefix chain script '/home/dsta-intern-fleet/py_lift_adapter/install/setup.bash'
[12.194s] INFO:colcon.colcon_core.shell:Creating prefix script '/home/dsta-intern-fleet/py_lift_adapter/install/local_setup.zsh'
[12.197s] INFO:colcon.colcon_core.shell:Creating prefix chain script '/home/dsta-intern-fleet/py_lift_adapter/install/setup.zsh'
